<?xml version="1.0" encoding="UTF-8" ?>
<testsuite tests="8" failures="1" name="TestSuite" time="5.637" errors="0" skipped="7">
  <properties>
[...]
</properties>
  <testcase classname="googleDemo.tests.KeywordSearchTest" name="extentSetup" time="0.68">
    <failure message="freemarker/template/TemplateModelException" type="java.lang.NoClassDefFoundError">java.lang.NoClassDefFoundError: freemarker/template/TemplateModelException
	at googleDemo.utils.ExtentManager.getHtmlReporter(ExtentManager.java:26)
	at googleDemo.utils.ExtentManager.getExtent(ExtentManager.java:20)
	at googleDemo.tests.KeywordSearchTest.extentSetup(KeywordSearchTest.java:34)
Caused by: java.lang.ClassNotFoundException: freemarker.template.TemplateModelException
	at java.net.URLClassLoader.findClass(URLClassLoader.java:381)
	at java.lang.ClassLoader.loadClass(ClassLoader.java:424)
	at sun.misc.Launcher$AppClassLoader.loadClass(Launcher.java:331)
	at java.lang.ClassLoader.loadClass(ClassLoader.java:357)
	... 37 more
</failure>
    <system-out>Configuring TestNG with: org.apache.maven.surefire.testng.conf.TestNG652Configurator@5679c6c6
</system-out>
  </testcase>
  <testcase classname="googleDemo.tests.ImagePageTest" name="setup" time="0.705">
    <skipped/>
  </testcase>
  <testcase classname="googleDemo.tests.ImagePageTest" name="validateImagePage" time="0.706">
    <skipped/>
  </testcase>
  <testcase classname="googleDemo.tests.ImagePageTest" name="tearDown" time="0.706">
    <skipped/>
  </testcase>
  <testcase classname="googleDemo.tests.KeywordSearchTest" name="setup" time="0.709">
    <skipped/>
  </testcase>
  <testcase classname="googleDemo.tests.KeywordSearchTest" name="itemSearch" time="0.71">
    <skipped/>
  </testcase>
  <testcase classname="googleDemo.tests.KeywordSearchTest" name="tearDown" time="0.71">
    <skipped/>
  </testcase>
  <testcase classname="googleDemo.tests.KeywordSearchTest" name="extentClose" time="0.711">
    <skipped/>
  </testcase>
</testsuite>